2025-04-13 19:07:29.683 [info] [main] Log level: Info
2025-04-13 19:07:29.683 [info] [main] Validating found git in: "git"
2025-04-13 19:07:29.683 [info] [main] Using git "2.43.0" from "git"
2025-04-13 19:07:29.684 [info] [Model][doInitialScan] Initial repository scan started
2025-04-13 19:07:29.726 [info] > git rev-parse --show-toplevel [50ms]
2025-04-13 19:07:29.726 [info] fatal: detected dubious ownership in repository at '/workspace/web-ide'
To add an exception for this directory, call:

	git config --global --add safe.directory /workspace/web-ide
2025-04-13 19:07:29.755 [info] > git rev-parse --show-toplevel [12ms]
2025-04-13 19:07:29.756 [info] fatal: detected dubious ownership in repository at '/workspace/web-ide'
To add an exception for this directory, call:

	git config --global --add safe.directory /workspace/web-ide
2025-04-13 19:07:29.758 [info] [Model][doInitialScan] Initial repository scan completed - repositories (0), closed repositories (0), parent repositories (0), unsafe repositories (1)
2025-04-13 19:07:31.253 [info] > git rev-parse --show-toplevel [9ms]
2025-04-13 19:07:31.253 [info] fatal: detected dubious ownership in repository at '/workspace/web-ide'
To add an exception for this directory, call:

	git config --global --add safe.directory /workspace/web-ide
2025-04-13 19:07:42.040 [info] > git config --global --add safe.directory /workspace/web-ide [12ms]
2025-04-13 19:07:42.063 [info] > git rev-parse --show-toplevel [20ms]
2025-04-13 19:07:42.080 [info] > git rev-parse --git-dir --git-common-dir [15ms]
2025-04-13 19:07:42.086 [info] [Model][openRepository] Opened repository: /workspace/web-ide
2025-04-13 19:07:42.126 [info] > git config --get commit.template [36ms]
2025-04-13 19:07:42.215 [info] > git for-each-ref --format=%(refname)%00%(upstream:short)%00%(objectname)%00%(upstream:track)%00%(upstream:remotename)%00%(upstream:remoteref) refs/heads/main refs/remotes/main [122ms]
2025-04-13 19:07:42.222 [warning] [Git][revParse] Unable to read file: ENOENT: no such file or directory, open '/workspace/web-ide/.git/refs/remotes/origin/main'
2025-04-13 19:07:42.249 [info] > git rev-parse refs/remotes/origin/main [27ms]
2025-04-13 19:07:42.307 [info] > git for-each-ref --sort -committerdate --format %(refname)%00%(objectname)%00%(*objectname) [49ms]
2025-04-13 19:07:42.419 [info] > git status -z -uall [167ms]
2025-04-13 19:07:42.475 [info] > git config --get commit.template [28ms]
2025-04-13 19:07:42.495 [info] > git for-each-ref --format=%(refname)%00%(upstream:short)%00%(objectname)%00%(upstream:track)%00%(upstream:remotename)%00%(upstream:remoteref) refs/heads/main refs/remotes/main [53ms]
2025-04-13 19:07:42.506 [info] > git for-each-ref --format=%(refname)%00%(upstream:short)%00%(objectname)%00%(upstream:track)%00%(upstream:remotename)%00%(upstream:remoteref) refs/heads/main refs/remotes/main [55ms]
2025-04-13 19:07:42.509 [warning] [Git][revParse] Unable to read file: ENOENT: no such file or directory, open '/workspace/web-ide/.git/refs/remotes/origin/main'
2025-04-13 19:07:42.513 [info] > git config --get --local branch.main.vscode-merge-base [14ms]
2025-04-13 19:07:42.542 [info] > git rev-parse refs/remotes/origin/main [33ms]
2025-04-13 19:07:42.557 [info] > git for-each-ref --format=%(refname)%00%(upstream:short)%00%(objectname)%00%(upstream:track)%00%(upstream:remotename)%00%(upstream:remoteref) refs/heads/origin/main refs/remotes/origin/main [41ms]
2025-04-13 19:07:42.595 [info] > git for-each-ref --sort -committerdate --format %(refname)%00%(objectname)%00%(*objectname) [48ms]
2025-04-13 19:07:42.606 [info] > git merge-base refs/heads/main refs/remotes/origin/main [47ms]
2025-04-13 19:07:42.646 [info] > git log --format=%H%n%aN%n%aE%n%at%n%ct%n%P%n%D%n%B -z --shortstat --diff-merges=first-parent -n50 --skip=0 --topo-order --decorate=full --stdin [56ms]
2025-04-13 19:07:42.648 [info] > git diff --name-status -z --diff-filter=ADMR 8f4377004e1f35fb852da6e5b1ee623fc5c2f7e1...refs/remotes/origin/main [39ms]
2025-04-13 19:07:42.705 [info] > git status -z -uall [160ms]
2025-04-13 19:07:43.101 [info] > git check-ignore -v -z --stdin [36ms]
